
--------------------------------------------------
TXLib сообщает:

Программа: C:\Users\Artem\Documents\GitHub\TXProjects\Moleculs\Moleculs.exe, файл: C:/Users/Artem/Desktop/TX/TXLibNew.h, строка: 9271, функция: COLORREF {anonymous}::TX::txGetColor(HDC),

Сообщение: Обнаружен нулевой или ложный результат.

#1: TXLib [Ver: 00173a, Rev: 105], Instance: 0x00000000005363B8 (64-bit), Flags: CMdREt, Thread: 0x1C90 (Main), GetLastError(): 87 (Параметр задан неверно). 

--------------------------------------------------
Трассировка стека:

# 0 0x000000000040A777 in C:\Users\Artem\Documents\GitHub\TXProjects\Moleculs\Moleculs.exe!(??)
# 1 0x0000000000410D66 in C:\Users\Artem\Documents\GitHub\TXProjects\Moleculs\Moleculs.exe!(??)
# 2 0x00000000004127B0 in C:\Users\Artem\Documents\GitHub\TXProjects\Moleculs\Moleculs.exe!(??)
# 3 0x0000000000412E9A in C:\Users\Artem\Documents\GitHub\TXProjects\Moleculs\Moleculs.exe!(??)
# 4 0x00000000004013E8 in C:\Users\Artem\Documents\GitHub\TXProjects\Moleculs\Moleculs.exe!(??)
# 5 0x0000000000401526 in C:\Users\Artem\Documents\GitHub\TXProjects\Moleculs\Moleculs.exe!(??)
# 6 0x00000000771E59C8 in C:\windows\system32\kernel32.dll!BaseThreadInitThunk
# 7 0x000000007731A55C in C:\windows\SYSTEM32\ntdll.dll!RtlUserThreadStart

--------------------------------------------------
Developed with:

The Dumb Artist Library (TX Library) - TXLib [Ver: 00173a, Rev: 105]
Copyright (C) Ded (Ilya Dedinsky, http://txlib.ru) <mail@txlib.ru>
See license on: http://txlib.ru

TXLib file:	C:/Users/Artem/Desktop/TX/TXLibNew.h
Compiled:	Mar  7 2017 17:46:17, DEBUG, GNU g++ 5.3.0, std=201402L
Started:	Mar 07 2017 17:46:22

Run file:	C:\Users\Artem\Documents\GitHub\TXProjects\Moleculs\Moleculs.exe
Directory:	C:\Users\Artem\Documents\GitHub\TXProjects\Moleculs

--------------------------------------------------

--------------------------------------------------
TXLib сообщает:

Программа: C:\Users\Artem\Documents\GitHub\TXProjects\Moleculs\Moleculs.exe, файл: C:/Users/Artem/Desktop/TX/TXLibNew.h, строка: 9271, функция: COLORREF {anonymous}::TX::txGetColor(HDC),

Сообщение: Обнаружен нулевой или ложный результат.

#1: TXLib [Ver: 00173a, Rev: 105], Instance: 0x00000000005343B8 (64-bit), Flags: CMdREt, Thread: 0x1D84 (Main), GetLastError(): 87 (Параметр задан неверно). 

--------------------------------------------------
Трассировка стека:

# 0 0x000000000040A777 in C:\Users\Artem\Documents\GitHub\TXProjects\Moleculs\Moleculs.exe!(??)
# 1 0x0000000000410D66 in C:\Users\Artem\Documents\GitHub\TXProjects\Moleculs\Moleculs.exe!(??)
# 2 0x0000000000412530 in C:\Users\Artem\Documents\GitHub\TXProjects\Moleculs\Moleculs.exe!(??)
# 3 0x00000000004127D7 in C:\Users\Artem\Documents\GitHub\TXProjects\Moleculs\Moleculs.exe!(??)
# 4 0x00000000004013E8 in C:\Users\Artem\Documents\GitHub\TXProjects\Moleculs\Moleculs.exe!(??)
# 5 0x0000000000401526 in C:\Users\Artem\Documents\GitHub\TXProjects\Moleculs\Moleculs.exe!(??)
# 6 0x00000000771E59C8 in C:\windows\system32\kernel32.dll!BaseThreadInitThunk
# 7 0x000000007731A55C in C:\windows\SYSTEM32\ntdll.dll!RtlUserThreadStart

--------------------------------------------------
Developed with:

The Dumb Artist Library (TX Library) - TXLib [Ver: 00173a, Rev: 105]
Copyright (C) Ded (Ilya Dedinsky, http://txlib.ru) <mail@txlib.ru>
See license on: http://txlib.ru

TXLib file:	C:/Users/Artem/Desktop/TX/TXLibNew.h
Compiled:	Mar  7 2017 22:27:32, DEBUG, GNU g++ 5.3.0, std=201402L
Started:	Mar 07 2017 22:27:37

Run file:	C:\Users\Artem\Documents\GitHub\TXProjects\Moleculs\Moleculs.exe
Directory:	C:\Users\Artem\Documents\GitHub\TXProjects\Moleculs

--------------------------------------------------

--------------------------------------------------
TXLib сообщает:

Программа: C:\Users\Artem\Documents\GitHub\TXProjects\Moleculs\Moleculs.exe, файл: C:/Users/Artem/Desktop/TX/TXLibNew.h, строка: 9271, функция: COLORREF {anonymous}::TX::txGetColor(HDC),

Сообщение: Обнаружен нулевой или ложный результат.

#1: TXLib [Ver: 00173a, Rev: 105], Instance: 0x00000000005343B8 (64-bit), Flags: CMdREt, Thread: 0x1FD0 (Main), GetLastError(): 87 (Параметр задан неверно). 

--------------------------------------------------
Трассировка стека:

# 0 0x000000000040A777 in C:\Users\Artem\Documents\GitHub\TXProjects\Moleculs\Moleculs.exe!(??)
# 1 0x0000000000410D66 in C:\Users\Artem\Documents\GitHub\TXProjects\Moleculs\Moleculs.exe!(??)
# 2 0x0000000000412530 in C:\Users\Artem\Documents\GitHub\TXProjects\Moleculs\Moleculs.exe!(??)
# 3 0x00000000004127D7 in C:\Users\Artem\Documents\GitHub\TXProjects\Moleculs\Moleculs.exe!(??)
# 4 0x00000000004013E8 in C:\Users\Artem\Documents\GitHub\TXProjects\Moleculs\Moleculs.exe!(??)
# 5 0x0000000000401526 in C:\Users\Artem\Documents\GitHub\TXProjects\Moleculs\Moleculs.exe!(??)
# 6 0x00000000771E59C8 in C:\windows\system32\kernel32.dll!BaseThreadInitThunk
# 7 0x000000007731A55C in C:\windows\SYSTEM32\ntdll.dll!RtlUserThreadStart

--------------------------------------------------
Developed with:

The Dumb Artist Library (TX Library) - TXLib [Ver: 00173a, Rev: 105]
Copyright (C) Ded (Ilya Dedinsky, http://txlib.ru) <mail@txlib.ru>
See license on: http://txlib.ru

TXLib file:	C:/Users/Artem/Desktop/TX/TXLibNew.h
Compiled:	Mar  7 2017 22:27:53, DEBUG, GNU g++ 5.3.0, std=201402L
Started:	Mar 07 2017 22:27:58

Run file:	C:\Users\Artem\Documents\GitHub\TXProjects\Moleculs\Moleculs.exe
Directory:	C:\Users\Artem\Documents\GitHub\TXProjects\Moleculs

--------------------------------------------------

--------------------------------------------------
TXLib сообщает:

Программа: C:\Users\Artem\Documents\GitHub\TXProjects\Moleculs\Moleculs.exe, файл: C:/Users/Artem/Desktop/TX/TXLibNew.h, строка: 9271, функция: COLORREF {anonymous}::TX::txGetColor(HDC),

Сообщение: Обнаружен нулевой или ложный результат.

#1: TXLib [Ver: 00173a, Rev: 105], Instance: 0x00000000005343B8 (64-bit), Flags: CMdREt, Thread: 0x21EC (Main), GetLastError(): 87 (Параметр задан неверно). 

--------------------------------------------------
Трассировка стека:

# 0 0x000000000040A777 in C:\Users\Artem\Documents\GitHub\TXProjects\Moleculs\Moleculs.exe!(??)
# 1 0x0000000000410D66 in C:\Users\Artem\Documents\GitHub\TXProjects\Moleculs\Moleculs.exe!(??)
# 2 0x0000000000412530 in C:\Users\Artem\Documents\GitHub\TXProjects\Moleculs\Moleculs.exe!(??)
# 3 0x00000000004127D7 in C:\Users\Artem\Documents\GitHub\TXProjects\Moleculs\Moleculs.exe!(??)
# 4 0x00000000004013E8 in C:\Users\Artem\Documents\GitHub\TXProjects\Moleculs\Moleculs.exe!(??)
# 5 0x0000000000401526 in C:\Users\Artem\Documents\GitHub\TXProjects\Moleculs\Moleculs.exe!(??)
# 6 0x00000000771E59C8 in C:\windows\system32\kernel32.dll!BaseThreadInitThunk
# 7 0x000000007731A55C in C:\windows\SYSTEM32\ntdll.dll!RtlUserThreadStart

--------------------------------------------------
Developed with:

The Dumb Artist Library (TX Library) - TXLib [Ver: 00173a, Rev: 105]
Copyright (C) Ded (Ilya Dedinsky, http://txlib.ru) <mail@txlib.ru>
See license on: http://txlib.ru

TXLib file:	C:/Users/Artem/Desktop/TX/TXLibNew.h
Compiled:	Mar  7 2017 22:29:25, DEBUG, GNU g++ 5.3.0, std=201402L
Started:	Mar 07 2017 22:29:30

Run file:	C:\Users\Artem\Documents\GitHub\TXProjects\Moleculs\Moleculs.exe
Directory:	C:\Users\Artem\Documents\GitHub\TXProjects\Moleculs

--------------------------------------------------
